d:\workspace\visualworkspace\templatecplusplus\templatecplusplus\x64\debug\vc143.pdb
d:\workspace\visualworkspace\templatecplusplus\templatecplusplus\x64\debug\vc143.idb
d:\workspace\visualworkspace\templatecplusplus\templatecplusplus\x64\debug\source.obj
d:\workspace\visualworkspace\templatecplusplus\templatecplusplus\x64\debug\template.obj
d:\workspace\visualworkspace\templatecplusplus\x64\debug\templatecplusplus.pdb
d:\workspace\visualworkspace\templatecplusplus\templatecplusplus\x64\debug\template.37235fd7.tlog\cl.command.1.tlog
d:\workspace\visualworkspace\templatecplusplus\templatecplusplus\x64\debug\template.37235fd7.tlog\cl.read.1.tlog
d:\workspace\visualworkspace\templatecplusplus\templatecplusplus\x64\debug\template.37235fd7.tlog\cl.write.1.tlog
d:\workspace\visualworkspace\templatecplusplus\templatecplusplus\x64\debug\template.37235fd7.tlog\link-cvtres.read.1.tlog
d:\workspace\visualworkspace\templatecplusplus\templatecplusplus\x64\debug\template.37235fd7.tlog\link-cvtres.write.1.tlog
d:\workspace\visualworkspace\templatecplusplus\templatecplusplus\x64\debug\template.37235fd7.tlog\link-rc.read.1.tlog
d:\workspace\visualworkspace\templatecplusplus\templatecplusplus\x64\debug\template.37235fd7.tlog\link-rc.write.1.tlog
d:\workspace\visualworkspace\templatecplusplus\templatecplusplus\x64\debug\template.37235fd7.tlog\link.11252-cvtres.read.1.tlog
d:\workspace\visualworkspace\templatecplusplus\templatecplusplus\x64\debug\template.37235fd7.tlog\link.11252-cvtres.write.1.tlog
d:\workspace\visualworkspace\templatecplusplus\templatecplusplus\x64\debug\template.37235fd7.tlog\link.11252-rc.read.1.tlog
d:\workspace\visualworkspace\templatecplusplus\templatecplusplus\x64\debug\template.37235fd7.tlog\link.11252-rc.write.1.tlog
d:\workspace\visualworkspace\templatecplusplus\templatecplusplus\x64\debug\template.37235fd7.tlog\link.11252.read.1.tlog
d:\workspace\visualworkspace\templatecplusplus\templatecplusplus\x64\debug\template.37235fd7.tlog\link.11252.read.2.tlog
d:\workspace\visualworkspace\templatecplusplus\templatecplusplus\x64\debug\template.37235fd7.tlog\link.11252.write.1.tlog
d:\workspace\visualworkspace\templatecplusplus\templatecplusplus\x64\debug\template.37235fd7.tlog\link.command.1.tlog
d:\workspace\visualworkspace\templatecplusplus\templatecplusplus\x64\debug\template.37235fd7.tlog\link.read.1.tlog
d:\workspace\visualworkspace\templatecplusplus\templatecplusplus\x64\debug\template.37235fd7.tlog\link.read.3.tlog
d:\workspace\visualworkspace\templatecplusplus\templatecplusplus\x64\debug\template.37235fd7.tlog\link.write.1.tlog
